2020-10-07 20:54:58,268 : Products : INFO : iphone X
2020-10-07 20:54:58,321 : Products : INFO : Samsung Note 8
2020-10-07 20:54:58,359 : Products : INFO : Nokia Edge
2020-10-07 20:55:02,907 : TestDemo : INFO : <framework.Pom.Checkout.Checkout object at 0x00000261E38D9CD0>
2020-10-07 20:55:06,845 : TestDemo : INFO : <framework.Pom.Checkfinal.Checkfinal object at 0x00000261E38D9F40>
2020-10-07 20:55:59,155 : Testsign : INFO : Darshan
2020-10-07 20:56:01,324 : Testsign : INFO : darshanmesta47@gmail.com
2020-10-07 20:56:03,443 : Testsign : INFO : Test1234@
2020-10-07 20:56:05,573 : Testsign : INFO : Male
2020-10-08 11:17:11,115 : Products : INFO : iphone X
2020-10-08 11:17:11,159 : Products : INFO : Samsung Note 8
2020-10-08 11:17:11,185 : Products : INFO : Nokia Edge
2020-10-08 11:17:16,215 : TestDemo : INFO : <framework.Pom.Checkout.Checkout object at 0x000001B513D08E20>
2020-10-08 11:17:20,520 : TestDemo : INFO : <framework.Pom.Checkfinal.Checkfinal object at 0x000001B513D1A340>
2020-10-08 11:18:35,818 : Testsign : INFO : Darshan
2020-10-08 11:18:40,030 : Testsign : INFO : darshanmesta47@gmail.com
2020-10-08 11:18:42,284 : Testsign : INFO : Test1234@
2020-10-08 11:18:45,373 : Testsign : INFO : Male
2020-10-08 11:18:50,957 : Testsign : INFO : Priya
2020-10-08 11:18:53,085 : Testsign : INFO : priya47@gmail.com
2020-10-08 11:18:55,145 : Testsign : INFO : Test123456@
2020-10-08 11:18:57,672 : Testsign : INFO : Female
2020-10-09 18:24:41,977 : Products : INFO : iphone X
2020-10-09 18:24:42,934 : Products : INFO : Samsung Note 8
2020-10-09 18:24:42,973 : Products : INFO : Nokia Edge
2020-10-09 18:24:47,295 : TestDemo : INFO : <framework.Pom.Checkout.Checkout object at 0x000002832D219CD0>
2020-10-09 18:24:51,088 : TestDemo : INFO : <framework.Pom.Checkfinal.Checkfinal object at 0x000002832D27C520>
2020-10-09 18:25:49,912 : Testsign : INFO : Darshan
2020-10-09 18:25:55,135 : Testsign : INFO : darshanmesta47@gmail.com
2020-10-09 18:25:57,450 : Testsign : INFO : Test1234@
2020-10-09 18:26:00,075 : Testsign : INFO : Male
2020-10-09 18:26:04,994 : Testsign : INFO : Priya
2020-10-09 18:26:08,827 : Testsign : INFO : priya47@gmail.com
2020-10-09 18:26:11,080 : Testsign : INFO : Test123456@
2020-10-09 18:26:13,526 : Testsign : INFO : Female
